0 info it worked if it ends with ok
1 verbose cli [ 'C:\\Program Files\\nodejs\\node.exe',
1 verbose cli   'C:\\Program Files\\nodejs\\node_modules\\npm\\bin\\npm-cli.js',
1 verbose cli   'install',
1 verbose cli   'canvas',
1 verbose cli   '--save' ]
2 info using npm@3.10.10
3 info using node@v6.11.4
4 silly loadCurrentTree Starting
5 silly install loadCurrentTree
6 silly install readLocalPackageData
7 silly fetchPackageMetaData canvas
8 silly fetchNamedPackageData canvas
9 silly mapToRegistry name canvas
10 silly mapToRegistry using default registry
11 silly mapToRegistry registry https://registry.npmjs.org/
12 silly mapToRegistry data Result {
12 silly mapToRegistry   raw: 'canvas',
12 silly mapToRegistry   scope: null,
12 silly mapToRegistry   escapedName: 'canvas',
12 silly mapToRegistry   name: 'canvas',
12 silly mapToRegistry   rawSpec: '',
12 silly mapToRegistry   spec: 'latest',
12 silly mapToRegistry   type: 'tag' }
13 silly mapToRegistry uri https://registry.npmjs.org/canvas
14 verbose get https://registry.npmjs.org/canvas not expired, no request
15 silly install normalizeTree
16 silly loadCurrentTree Finishing
17 silly loadIdealTree Starting
18 silly install loadIdealTree
19 silly cloneCurrentTree Starting
20 silly install cloneCurrentTreeToIdealTree
21 silly cloneCurrentTree Finishing
22 silly loadShrinkwrap Starting
23 silly install loadShrinkwrap
24 silly loadShrinkwrap Finishing
25 silly loadAllDepsIntoIdealTree Starting
26 silly install loadAllDepsIntoIdealTree
27 silly resolveWithNewModule canvas@1.6.10 checking installable status
28 silly cache add args [ 'canvas', null ]
29 verbose cache add spec canvas
30 silly cache add parsed spec Result {
30 silly cache add   raw: 'canvas',
30 silly cache add   scope: null,
30 silly cache add   escapedName: 'canvas',
30 silly cache add   name: 'canvas',
30 silly cache add   rawSpec: '',
30 silly cache add   spec: 'latest',
30 silly cache add   type: 'tag' }
31 silly addNamed canvas@latest
32 verbose addNamed "latest" is being treated as a dist-tag for canvas
33 info addNameTag [ 'canvas', 'latest' ]
34 silly mapToRegistry name canvas
35 silly mapToRegistry using default registry
36 silly mapToRegistry registry https://registry.npmjs.org/
37 silly mapToRegistry data Result {
37 silly mapToRegistry   raw: 'canvas',
37 silly mapToRegistry   scope: null,
37 silly mapToRegistry   escapedName: 'canvas',
37 silly mapToRegistry   name: 'canvas',
37 silly mapToRegistry   rawSpec: '',
37 silly mapToRegistry   spec: 'latest',
37 silly mapToRegistry   type: 'tag' }
38 silly mapToRegistry uri https://registry.npmjs.org/canvas
39 verbose addNameTag registry:https://registry.npmjs.org/canvas not in flight; fetching
40 verbose get https://registry.npmjs.org/canvas not expired, no request
41 silly addNameTag next cb for canvas with tag latest
42 silly addNamed canvas@1.6.10
43 verbose addNamed "1.6.10" is a plain semver version for canvas
44 silly cache afterAdd canvas@1.6.10
45 verbose afterAdd C:\Users\colaitin\AppData\Roaming\npm-cache\canvas\1.6.10\package\package.json not in flight; writing
46 verbose correctMkdir C:\Users\colaitin\AppData\Roaming\npm-cache correctMkdir not in flight; initializing
47 verbose afterAdd C:\Users\colaitin\AppData\Roaming\npm-cache\canvas\1.6.10\package\package.json written
48 silly fetchNamedPackageData nan
49 silly mapToRegistry name nan
50 silly mapToRegistry using default registry
51 silly mapToRegistry registry https://registry.npmjs.org/
52 silly mapToRegistry data Result {
52 silly mapToRegistry   raw: 'nan',
52 silly mapToRegistry   scope: null,
52 silly mapToRegistry   escapedName: 'nan',
52 silly mapToRegistry   name: 'nan',
52 silly mapToRegistry   rawSpec: '',
52 silly mapToRegistry   spec: 'latest',
52 silly mapToRegistry   type: 'tag' }
53 silly mapToRegistry uri https://registry.npmjs.org/nan
54 verbose get https://registry.npmjs.org/nan not expired, no request
55 silly resolveWithNewModule nan@2.10.0 checking installable status
56 silly cache add args [ 'nan@^2.4.0', null ]
57 verbose cache add spec nan@^2.4.0
58 silly cache add parsed spec Result {
58 silly cache add   raw: 'nan@^2.4.0',
58 silly cache add   scope: null,
58 silly cache add   escapedName: 'nan',
58 silly cache add   name: 'nan',
58 silly cache add   rawSpec: '^2.4.0',
58 silly cache add   spec: '>=2.4.0 <3.0.0',
58 silly cache add   type: 'range' }
59 silly addNamed nan@>=2.4.0 <3.0.0
60 verbose addNamed ">=2.4.0 <3.0.0" is a valid semver range for nan
61 silly addNameRange { name: 'nan', range: '>=2.4.0 <3.0.0', hasData: false }
62 silly mapToRegistry name nan
63 silly mapToRegistry using default registry
64 silly mapToRegistry registry https://registry.npmjs.org/
65 silly mapToRegistry data Result {
65 silly mapToRegistry   raw: 'nan',
65 silly mapToRegistry   scope: null,
65 silly mapToRegistry   escapedName: 'nan',
65 silly mapToRegistry   name: 'nan',
65 silly mapToRegistry   rawSpec: '',
65 silly mapToRegistry   spec: 'latest',
65 silly mapToRegistry   type: 'tag' }
66 silly mapToRegistry uri https://registry.npmjs.org/nan
67 verbose addNameRange registry:https://registry.npmjs.org/nan not in flight; fetching
68 verbose get https://registry.npmjs.org/nan not expired, no request
69 silly addNameRange number 2 { name: 'nan', range: '>=2.4.0 <3.0.0', hasData: true }
70 silly addNameRange versions [ 'nan',
70 silly addNameRange   [ '0.3.0-wip',
70 silly addNameRange     '0.3.0-wip2',
70 silly addNameRange     '0.3.0',
70 silly addNameRange     '0.3.1',
70 silly addNameRange     '0.3.2',
70 silly addNameRange     '0.4.0',
70 silly addNameRange     '0.4.1',
70 silly addNameRange     '0.4.2',
70 silly addNameRange     '0.4.3',
70 silly addNameRange     '0.4.4',
70 silly addNameRange     '0.5.0',
70 silly addNameRange     '0.5.1',
70 silly addNameRange     '0.5.2',
70 silly addNameRange     '0.6.0',
70 silly addNameRange     '0.7.0',
70 silly addNameRange     '0.7.1',
70 silly addNameRange     '0.8.0',
70 silly addNameRange     '1.0.0',
70 silly addNameRange     '1.1.0',
70 silly addNameRange     '1.1.1',
70 silly addNameRange     '1.1.2',
70 silly addNameRange     '1.2.0',
70 silly addNameRange     '1.3.0',
70 silly addNameRange     '1.4.0',
70 silly addNameRange     '1.4.1',
70 silly addNameRange     '1.5.0',
70 silly addNameRange     '1.4.2',
70 silly addNameRange     '1.4.3',
70 silly addNameRange     '1.5.1',
70 silly addNameRange     '1.5.2',
70 silly addNameRange     '1.6.0',
70 silly addNameRange     '1.5.3',
70 silly addNameRange     '1.6.1',
70 silly addNameRange     '1.6.2',
70 silly addNameRange     '1.7.0',
70 silly addNameRange     '1.8.0',
70 silly addNameRange     '1.8.1',
70 silly addNameRange     '1.8.2',
70 silly addNameRange     '1.8.3',
70 silly addNameRange     '1.8.4',
70 silly addNameRange     '1.9.0',
70 silly addNameRange     '2.0.0',
70 silly addNameRange     '2.0.1',
70 silly addNameRange     '2.0.2',
70 silly addNameRange     '2.0.3',
70 silly addNameRange     '2.0.4',
70 silly addNameRange     '2.0.5',
70 silly addNameRange     '2.0.6',
70 silly addNameRange     '2.0.7',
70 silly addNameRange     '2.0.8',
70 silly addNameRange     '2.0.9',
70 silly addNameRange     '2.1.0',
70 silly addNameRange     '2.2.0',
70 silly addNameRange     '2.2.1',
70 silly addNameRange     '2.3.0',
70 silly addNameRange     '2.3.1',
70 silly addNameRange     '2.3.2',
70 silly addNameRange     '2.3.3',
70 silly addNameRange     '2.3.4',
70 silly addNameRange     '2.3.5',
70 silly addNameRange     '2.4.0',
70 silly addNameRange     '2.5.0',
70 silly addNameRange     '2.5.1',
70 silly addNameRange     '2.6.0',
70 silly addNameRange     '2.6.1',
70 silly addNameRange     '2.6.2',
70 silly addNameRange     '2.7.0',
70 silly addNameRange     '2.8.0',
70 silly addNameRange     '2.9.1',
70 silly addNameRange     '2.9.2',
70 silly addNameRange     '2.10.0' ] ]
71 silly addNamed nan@2.10.0
72 verbose addNamed "2.10.0" is a plain semver version for nan
73 silly cache afterAdd nan@2.10.0
74 verbose afterAdd C:\Users\colaitin\AppData\Roaming\npm-cache\nan\2.10.0\package\package.json not in flight; writing
75 verbose correctMkdir C:\Users\colaitin\AppData\Roaming\npm-cache correctMkdir not in flight; initializing
76 verbose afterAdd C:\Users\colaitin\AppData\Roaming\npm-cache\nan\2.10.0\package\package.json written
77 silly loadAllDepsIntoIdealTree Finishing
78 silly loadIdealTree Finishing
79 silly currentTree up-trail-networks@1.0.0
79 silly currentTree +-- accepts@1.3.5
79 silly currentTree +-- after@0.8.2
79 silly currentTree +-- array-flatten@1.1.1
79 silly currentTree +-- arraybuffer.slice@0.0.7
79 silly currentTree +-- async-limiter@1.0.0
79 silly currentTree +-- backo2@1.0.2
79 silly currentTree +-- base64-arraybuffer@0.1.5
79 silly currentTree +-- base64id@1.0.0
79 silly currentTree +-- better-assert@1.0.2
79 silly currentTree +-- blob@0.0.4
79 silly currentTree +-- body-parser@1.18.2
79 silly currentTree | `-- debug@2.6.9
79 silly currentTree +-- bson@1.0.6
79 silly currentTree +-- bytes@3.0.0
79 silly currentTree +-- callsite@1.0.0
79 silly currentTree +-- chart.js@2.7.2
79 silly currentTree +-- chartjs-color-string@0.5.0
79 silly currentTree +-- chartjs-color@2.2.0
79 silly currentTree +-- color-convert@0.5.3
79 silly currentTree +-- color-name@1.1.3
79 silly currentTree +-- component-bind@1.0.0
79 silly currentTree +-- component-emitter@1.2.1
79 silly currentTree +-- component-inherit@0.0.3
79 silly currentTree +-- content-disposition@0.5.2
79 silly currentTree +-- content-type@1.0.4
79 silly currentTree +-- cookie-signature@1.0.6
79 silly currentTree +-- cookie@0.3.1
79 silly currentTree +-- debug@3.1.0
79 silly currentTree +-- depd@1.1.2
79 silly currentTree +-- destroy@1.0.4
79 silly currentTree +-- ee-first@1.1.1
79 silly currentTree +-- encodeurl@1.0.2
79 silly currentTree +-- engine.io-client@3.2.1
79 silly currentTree +-- engine.io-parser@2.1.2
79 silly currentTree +-- engine.io@3.2.0
79 silly currentTree +-- escape-html@1.0.3
79 silly currentTree +-- etag@1.8.1
79 silly currentTree +-- express@4.16.3
79 silly currentTree | `-- debug@2.6.9
79 silly currentTree +-- finalhandler@1.1.1
79 silly currentTree | `-- debug@2.6.9
79 silly currentTree +-- forwarded@0.1.2
79 silly currentTree +-- fresh@0.5.2
79 silly currentTree +-- has-binary@0.1.7
79 silly currentTree | `-- isarray@0.0.1
79 silly currentTree +-- has-binary2@1.0.2
79 silly currentTree +-- has-cors@1.1.0
79 silly currentTree +-- http-errors@1.6.3
79 silly currentTree +-- iconv-lite@0.4.19
79 silly currentTree +-- indexof@0.0.1
79 silly currentTree +-- inherits@2.0.3
79 silly currentTree +-- ipaddr.js@1.6.0
79 silly currentTree +-- isarray@2.0.1
79 silly currentTree +-- json3@3.3.2
79 silly currentTree +-- media-typer@0.3.0
79 silly currentTree +-- merge-descriptors@1.0.1
79 silly currentTree +-- methods@1.1.2
79 silly currentTree +-- mime-db@1.33.0
79 silly currentTree +-- mime-types@2.1.18
79 silly currentTree +-- mime@1.4.1
79 silly currentTree +-- moment@2.22.1
79 silly currentTree +-- mongodb-core@3.0.7
79 silly currentTree +-- mongodb@3.0.7
79 silly currentTree +-- ms@2.0.0
79 silly currentTree +-- negotiator@0.6.1
79 silly currentTree +-- object-assign@4.1.0
79 silly currentTree +-- object-component@0.0.3
79 silly currentTree +-- on-finished@2.3.0
79 silly currentTree +-- options@0.0.6
79 silly currentTree +-- parsejson@0.0.3
79 silly currentTree +-- parseqs@0.0.5
79 silly currentTree +-- parseuri@0.0.5
79 silly currentTree +-- parseurl@1.3.2
79 silly currentTree +-- path-to-regexp@0.1.7
79 silly currentTree +-- proxy-addr@2.0.3
79 silly currentTree +-- qs@6.5.1
79 silly currentTree +-- range-parser@1.2.0
79 silly currentTree +-- raw-body@2.3.2
79 silly currentTree | +-- depd@1.1.1
79 silly currentTree | +-- http-errors@1.6.2
79 silly currentTree | `-- setprototypeof@1.0.3
79 silly currentTree +-- require_optional@1.0.1
79 silly currentTree +-- resolve-from@2.0.0
79 silly currentTree +-- safe-buffer@5.1.1
79 silly currentTree +-- semver@5.5.0
79 silly currentTree +-- send@0.16.2
79 silly currentTree | `-- debug@2.6.9
79 silly currentTree +-- serve-static@1.13.2
79 silly currentTree +-- setprototypeof@1.1.0
79 silly currentTree +-- socket.io-adapter@1.1.1
79 silly currentTree +-- socket.io-client@2.1.0
79 silly currentTree +-- socket.io-parser@3.2.0
79 silly currentTree +-- socket.io@2.1.0
79 silly currentTree +-- socketio@1.0.0
79 silly currentTree | +-- accepts@1.3.3
79 silly currentTree | +-- arraybuffer.slice@0.0.6
79 silly currentTree | +-- component-emitter@1.1.2
79 silly currentTree | +-- debug@2.3.3
79 silly currentTree | +-- engine.io-client@1.8.5
79 silly currentTree | | `-- component-emitter@1.2.1
79 silly currentTree | +-- engine.io-parser@1.3.2
79 silly currentTree | +-- engine.io@1.8.5
79 silly currentTree | +-- isarray@0.0.1
79 silly currentTree | +-- ms@0.7.2
79 silly currentTree | +-- socket.io-adapter@0.5.0
79 silly currentTree | +-- socket.io-client@1.7.4
79 silly currentTree | | `-- component-emitter@1.2.1
79 silly currentTree | +-- socket.io-parser@2.3.1
79 silly currentTree | | +-- debug@2.2.0
79 silly currentTree | | `-- ms@0.7.1
79 silly currentTree | +-- socket.io@1.7.4
79 silly currentTree | +-- ultron@1.0.2
79 silly currentTree | +-- ws@1.1.5
79 silly currentTree | `-- xmlhttprequest-ssl@1.5.3
79 silly currentTree +-- statuses@1.4.0
79 silly currentTree +-- to-array@0.1.4
79 silly currentTree +-- type-is@1.6.16
79 silly currentTree +-- ultron@1.1.1
79 silly currentTree +-- unpipe@1.0.0
79 silly currentTree +-- utils-merge@1.0.1
79 silly currentTree +-- vary@1.1.2
79 silly currentTree +-- ws@3.3.3
79 silly currentTree +-- wtf-8@1.0.0
79 silly currentTree +-- xmlhttprequest-ssl@1.5.5
79 silly currentTree `-- yeast@0.1.2
80 silly idealTree up-trail-networks@1.0.0
80 silly idealTree +-- accepts@1.3.5
80 silly idealTree +-- after@0.8.2
80 silly idealTree +-- array-flatten@1.1.1
80 silly idealTree +-- arraybuffer.slice@0.0.7
80 silly idealTree +-- async-limiter@1.0.0
80 silly idealTree +-- backo2@1.0.2
80 silly idealTree +-- base64-arraybuffer@0.1.5
80 silly idealTree +-- base64id@1.0.0
80 silly idealTree +-- better-assert@1.0.2
80 silly idealTree +-- blob@0.0.4
80 silly idealTree +-- body-parser@1.18.2
80 silly idealTree | `-- debug@2.6.9
80 silly idealTree +-- bson@1.0.6
80 silly idealTree +-- bytes@3.0.0
80 silly idealTree +-- callsite@1.0.0
80 silly idealTree +-- canvas@1.6.10
80 silly idealTree +-- chart.js@2.7.2
80 silly idealTree +-- chartjs-color-string@0.5.0
80 silly idealTree +-- chartjs-color@2.2.0
80 silly idealTree +-- color-convert@0.5.3
80 silly idealTree +-- color-name@1.1.3
80 silly idealTree +-- component-bind@1.0.0
80 silly idealTree +-- component-emitter@1.2.1
80 silly idealTree +-- component-inherit@0.0.3
80 silly idealTree +-- content-disposition@0.5.2
80 silly idealTree +-- content-type@1.0.4
80 silly idealTree +-- cookie-signature@1.0.6
80 silly idealTree +-- cookie@0.3.1
80 silly idealTree +-- debug@3.1.0
80 silly idealTree +-- depd@1.1.2
80 silly idealTree +-- destroy@1.0.4
80 silly idealTree +-- ee-first@1.1.1
80 silly idealTree +-- encodeurl@1.0.2
80 silly idealTree +-- engine.io-client@3.2.1
80 silly idealTree +-- engine.io-parser@2.1.2
80 silly idealTree +-- engine.io@3.2.0
80 silly idealTree +-- escape-html@1.0.3
80 silly idealTree +-- etag@1.8.1
80 silly idealTree +-- express@4.16.3
80 silly idealTree | `-- debug@2.6.9
80 silly idealTree +-- finalhandler@1.1.1
80 silly idealTree | `-- debug@2.6.9
80 silly idealTree +-- forwarded@0.1.2
80 silly idealTree +-- fresh@0.5.2
80 silly idealTree +-- has-binary@0.1.7
80 silly idealTree | `-- isarray@0.0.1
80 silly idealTree +-- has-binary2@1.0.2
80 silly idealTree +-- has-cors@1.1.0
80 silly idealTree +-- http-errors@1.6.3
80 silly idealTree +-- iconv-lite@0.4.19
80 silly idealTree +-- indexof@0.0.1
80 silly idealTree +-- inherits@2.0.3
80 silly idealTree +-- ipaddr.js@1.6.0
80 silly idealTree +-- isarray@2.0.1
80 silly idealTree +-- json3@3.3.2
80 silly idealTree +-- media-typer@0.3.0
80 silly idealTree +-- merge-descriptors@1.0.1
80 silly idealTree +-- methods@1.1.2
80 silly idealTree +-- mime-db@1.33.0
80 silly idealTree +-- mime-types@2.1.18
80 silly idealTree +-- mime@1.4.1
80 silly idealTree +-- moment@2.22.1
80 silly idealTree +-- mongodb-core@3.0.7
80 silly idealTree +-- mongodb@3.0.7
80 silly idealTree +-- ms@2.0.0
80 silly idealTree +-- nan@2.10.0
80 silly idealTree +-- negotiator@0.6.1
80 silly idealTree +-- object-assign@4.1.0
80 silly idealTree +-- object-component@0.0.3
80 silly idealTree +-- on-finished@2.3.0
80 silly idealTree +-- options@0.0.6
80 silly idealTree +-- parsejson@0.0.3
80 silly idealTree +-- parseqs@0.0.5
80 silly idealTree +-- parseuri@0.0.5
80 silly idealTree +-- parseurl@1.3.2
80 silly idealTree +-- path-to-regexp@0.1.7
80 silly idealTree +-- proxy-addr@2.0.3
80 silly idealTree +-- qs@6.5.1
80 silly idealTree +-- range-parser@1.2.0
80 silly idealTree +-- raw-body@2.3.2
80 silly idealTree | +-- depd@1.1.1
80 silly idealTree | +-- http-errors@1.6.2
80 silly idealTree | `-- setprototypeof@1.0.3
80 silly idealTree +-- require_optional@1.0.1
80 silly idealTree +-- resolve-from@2.0.0
80 silly idealTree +-- safe-buffer@5.1.1
80 silly idealTree +-- semver@5.5.0
80 silly idealTree +-- send@0.16.2
80 silly idealTree | `-- debug@2.6.9
80 silly idealTree +-- serve-static@1.13.2
80 silly idealTree +-- setprototypeof@1.1.0
80 silly idealTree +-- socket.io-adapter@1.1.1
80 silly idealTree +-- socket.io-client@2.1.0
80 silly idealTree +-- socket.io-parser@3.2.0
80 silly idealTree +-- socket.io@2.1.0
80 silly idealTree +-- socketio@1.0.0
80 silly idealTree | +-- accepts@1.3.3
80 silly idealTree | +-- arraybuffer.slice@0.0.6
80 silly idealTree | +-- component-emitter@1.1.2
80 silly idealTree | +-- debug@2.3.3
80 silly idealTree | +-- engine.io-client@1.8.5
80 silly idealTree | | `-- component-emitter@1.2.1
80 silly idealTree | +-- engine.io-parser@1.3.2
80 silly idealTree | +-- engine.io@1.8.5
80 silly idealTree | +-- isarray@0.0.1
80 silly idealTree | +-- ms@0.7.2
80 silly idealTree | +-- socket.io-adapter@0.5.0
80 silly idealTree | +-- socket.io-client@1.7.4
80 silly idealTree | | `-- component-emitter@1.2.1
80 silly idealTree | +-- socket.io-parser@2.3.1
80 silly idealTree | | +-- debug@2.2.0
80 silly idealTree | | `-- ms@0.7.1
80 silly idealTree | +-- socket.io@1.7.4
80 silly idealTree | +-- ultron@1.0.2
80 silly idealTree | +-- ws@1.1.5
80 silly idealTree | `-- xmlhttprequest-ssl@1.5.3
80 silly idealTree +-- statuses@1.4.0
80 silly idealTree +-- to-array@0.1.4
80 silly idealTree +-- type-is@1.6.16
80 silly idealTree +-- ultron@1.1.1
80 silly idealTree +-- unpipe@1.0.0
80 silly idealTree +-- utils-merge@1.0.1
80 silly idealTree +-- vary@1.1.2
80 silly idealTree +-- ws@3.3.3
80 silly idealTree +-- wtf-8@1.0.0
80 silly idealTree +-- xmlhttprequest-ssl@1.5.5
80 silly idealTree `-- yeast@0.1.2
81 silly generateActionsToTake Starting
82 silly install generateActionsToTake
83 silly generateActionsToTake Finishing
84 silly diffTrees action count 2
85 silly diffTrees add nan@2.10.0
86 silly diffTrees add canvas@1.6.10
87 silly decomposeActions action count 16
88 silly decomposeActions fetch nan@2.10.0
89 silly decomposeActions extract nan@2.10.0
90 silly decomposeActions test nan@2.10.0
91 silly decomposeActions preinstall nan@2.10.0
92 silly decomposeActions build nan@2.10.0
93 silly decomposeActions install nan@2.10.0
94 silly decomposeActions postinstall nan@2.10.0
95 silly decomposeActions finalize nan@2.10.0
96 silly decomposeActions fetch canvas@1.6.10
97 silly decomposeActions extract canvas@1.6.10
98 silly decomposeActions test canvas@1.6.10
99 silly decomposeActions preinstall canvas@1.6.10
100 silly decomposeActions build canvas@1.6.10
101 silly decomposeActions install canvas@1.6.10
102 silly decomposeActions postinstall canvas@1.6.10
103 silly decomposeActions finalize canvas@1.6.10
104 silly runTopLevelLifecycles Starting
105 silly executeActions Starting
106 silly install executeActions
107 silly doSerial global-install 0
108 silly doParallel fetch 2
109 verbose correctMkdir C:\Users\colaitin\AppData\Roaming\npm-cache\_locks correctMkdir not in flight; initializing
110 verbose lock using C:\Users\colaitin\AppData\Roaming\npm-cache\_locks\staging-5c48191a84d1f5d9.lock for C:\Users\colaitin\Desktop\UP-Trail-Networks\node_modules\.staging
111 silly doParallel extract 2
112 silly extract nan@2.10.0
113 silly extract canvas@1.6.10
114 verbose unbuild node_modules\.staging\nan-034d7922
115 verbose unbuild node_modules\.staging\canvas-a88d983b
116 silly gentlyRm C:\Users\colaitin\Desktop\UP-Trail-Networks\node_modules\.staging\nan-034d7922 is being purged from base C:\Users\colaitin\Desktop\UP-Trail-Networks
117 verbose gentlyRm don't care about contents; nuking C:\Users\colaitin\Desktop\UP-Trail-Networks\node_modules\.staging\nan-034d7922
118 verbose tar unpack C:\Users\colaitin\AppData\Roaming\npm-cache\nan\2.10.0\package.tgz
119 verbose tar unpacking to C:\Users\colaitin\Desktop\UP-Trail-Networks\node_modules\.staging\nan-034d7922
120 silly gentlyRm C:\Users\colaitin\Desktop\UP-Trail-Networks\node_modules\.staging\nan-034d7922 is being purged
121 verbose gentlyRm don't care about contents; nuking C:\Users\colaitin\Desktop\UP-Trail-Networks\node_modules\.staging\nan-034d7922
122 silly gentlyRm C:\Users\colaitin\Desktop\UP-Trail-Networks\node_modules\.staging\canvas-a88d983b is being purged from base C:\Users\colaitin\Desktop\UP-Trail-Networks
123 verbose gentlyRm don't care about contents; nuking C:\Users\colaitin\Desktop\UP-Trail-Networks\node_modules\.staging\canvas-a88d983b
124 silly gunzTarPerm modes [ '777', '666' ]
125 verbose tar unpack C:\Users\colaitin\AppData\Roaming\npm-cache\canvas\1.6.10\package.tgz
126 verbose tar unpacking to C:\Users\colaitin\Desktop\UP-Trail-Networks\node_modules\.staging\canvas-a88d983b
127 silly gentlyRm C:\Users\colaitin\Desktop\UP-Trail-Networks\node_modules\.staging\canvas-a88d983b is being purged
128 verbose gentlyRm don't care about contents; nuking C:\Users\colaitin\Desktop\UP-Trail-Networks\node_modules\.staging\canvas-a88d983b
129 silly gunzTarPerm modes [ '777', '666' ]
130 silly gunzTarPerm extractEntry package.json
131 silly gunzTarPerm modified mode [ 'package.json', 436, 438 ]
132 silly gunzTarPerm extractEntry package.json
133 silly gunzTarPerm modified mode [ 'package.json', 420, 438 ]
134 silly gunzTarPerm extractEntry CHANGELOG.md
135 silly gunzTarPerm modified mode [ 'CHANGELOG.md', 436, 438 ]
136 silly gunzTarPerm extractEntry include_dirs.js
137 silly gunzTarPerm modified mode [ 'include_dirs.js', 436, 438 ]
138 silly gunzTarPerm extractEntry .travis.yml
139 silly gunzTarPerm modified mode [ '.travis.yml', 420, 438 ]
140 silly gunzTarPerm extractEntry binding.gyp
141 silly gunzTarPerm modified mode [ 'binding.gyp', 493, 511 ]
142 silly gunzTarPerm extractEntry LICENSE.md
143 silly gunzTarPerm modified mode [ 'LICENSE.md', 436, 438 ]
144 silly gunzTarPerm extractEntry nan_callbacks_12_inl.h
145 silly gunzTarPerm modified mode [ 'nan_callbacks_12_inl.h', 436, 438 ]
146 silly gunzTarPerm extractEntry nan_callbacks_pre_12_inl.h
147 silly gunzTarPerm modified mode [ 'nan_callbacks_pre_12_inl.h', 436, 438 ]
148 silly gunzTarPerm extractEntry nan_callbacks.h
149 silly gunzTarPerm modified mode [ 'nan_callbacks.h', 436, 438 ]
150 silly gunzTarPerm extractEntry History.md
151 silly gunzTarPerm modified mode [ 'History.md', 420, 438 ]
152 silly gunzTarPerm extractEntry index.js
153 silly gunzTarPerm modified mode [ 'index.js', 420, 438 ]
154 silly gunzTarPerm extractEntry Readme.md
155 silly gunzTarPerm modified mode [ 'Readme.md', 420, 438 ]
156 silly gunzTarPerm extractEntry .github/ISSUE_TEMPLATE.md
157 silly gunzTarPerm modified mode [ '.github/ISSUE_TEMPLATE.md', 420, 438 ]
158 silly gunzTarPerm extractEntry .vscode/c_cpp_properties.json
159 silly gunzTarPerm modified mode [ '.vscode/c_cpp_properties.json', 420, 438 ]
160 silly gunzTarPerm extractEntry .vscode/settings.json
161 silly gunzTarPerm modified mode [ '.vscode/settings.json', 420, 438 ]
162 silly gunzTarPerm extractEntry lib/bindings.js
163 silly gunzTarPerm modified mode [ 'lib/bindings.js', 420, 438 ]
164 silly gunzTarPerm extractEntry lib/canvas.js
165 silly gunzTarPerm modified mode [ 'lib/canvas.js', 420, 438 ]
166 silly gunzTarPerm extractEntry lib/context2d.js
167 silly gunzTarPerm modified mode [ 'lib/context2d.js', 420, 438 ]
168 silly gunzTarPerm extractEntry lib/image.js
169 silly gunzTarPerm modified mode [ 'lib/image.js', 420, 438 ]
170 silly gunzTarPerm extractEntry lib/jpegstream.js
171 silly gunzTarPerm modified mode [ 'lib/jpegstream.js', 420, 438 ]
172 silly gunzTarPerm extractEntry lib/parse-font.js
173 silly gunzTarPerm modified mode [ 'lib/parse-font.js', 420, 438 ]
174 silly gunzTarPerm extractEntry lib/pdfstream.js
175 silly gunzTarPerm modified mode [ 'lib/pdfstream.js', 420, 438 ]
176 silly gunzTarPerm extractEntry lib/pngstream.js
177 silly gunzTarPerm modified mode [ 'lib/pngstream.js', 420, 438 ]
178 silly gunzTarPerm extractEntry src/Canvas.cc
179 silly gunzTarPerm modified mode [ 'src/Canvas.cc', 420, 438 ]
180 silly gunzTarPerm extractEntry src/Canvas.h
181 silly gunzTarPerm modified mode [ 'src/Canvas.h', 420, 438 ]
182 silly gunzTarPerm extractEntry src/CanvasGradient.cc
183 silly gunzTarPerm modified mode [ 'src/CanvasGradient.cc', 420, 438 ]
184 silly gunzTarPerm extractEntry src/CanvasGradient.h
185 silly gunzTarPerm modified mode [ 'src/CanvasGradient.h', 420, 438 ]
186 silly gunzTarPerm extractEntry src/CanvasPattern.cc
187 silly gunzTarPerm modified mode [ 'src/CanvasPattern.cc', 420, 438 ]
188 silly gunzTarPerm extractEntry src/CanvasPattern.h
189 silly gunzTarPerm modified mode [ 'src/CanvasPattern.h', 420, 438 ]
190 silly gunzTarPerm extractEntry src/CanvasRenderingContext2d.cc
191 silly gunzTarPerm modified mode [ 'src/CanvasRenderingContext2d.cc', 493, 511 ]
192 silly gunzTarPerm extractEntry src/CanvasRenderingContext2d.h
193 silly gunzTarPerm modified mode [ 'src/CanvasRenderingContext2d.h', 420, 438 ]
194 silly gunzTarPerm extractEntry src/closure.h
195 silly gunzTarPerm modified mode [ 'src/closure.h', 420, 438 ]
196 silly gunzTarPerm extractEntry src/color.cc
197 silly gunzTarPerm modified mode [ 'src/color.cc', 420, 438 ]
198 silly gunzTarPerm extractEntry src/color.h
199 silly gunzTarPerm modified mode [ 'src/color.h', 420, 438 ]
200 silly gunzTarPerm extractEntry src/FontFace.cc
201 silly gunzTarPerm modified mode [ 'src/FontFace.cc', 493, 511 ]
202 silly gunzTarPerm extractEntry src/FontFace.h
203 silly gunzTarPerm modified mode [ 'src/FontFace.h', 420, 438 ]
204 silly gunzTarPerm extractEntry src/Image.cc
205 silly gunzTarPerm modified mode [ 'src/Image.cc', 420, 438 ]
206 silly gunzTarPerm extractEntry src/Image.h
207 silly gunzTarPerm modified mode [ 'src/Image.h', 420, 438 ]
208 silly gunzTarPerm extractEntry src/ImageData.cc
209 silly gunzTarPerm modified mode [ 'src/ImageData.cc', 420, 438 ]
210 silly gunzTarPerm extractEntry src/ImageData.h
211 silly gunzTarPerm modified mode [ 'src/ImageData.h', 420, 438 ]
212 silly gunzTarPerm extractEntry src/init.cc
213 silly gunzTarPerm modified mode [ 'src/init.cc', 493, 511 ]
214 silly gunzTarPerm extractEntry src/JPEGStream.h
215 silly gunzTarPerm modified mode [ 'src/JPEGStream.h', 420, 438 ]
216 silly gunzTarPerm extractEntry src/PNG.h
217 silly gunzTarPerm modified mode [ 'src/PNG.h', 420, 438 ]
218 silly gunzTarPerm extractEntry src/Point.h
219 silly gunzTarPerm modified mode [ 'src/Point.h', 420, 438 ]
220 silly gunzTarPerm extractEntry util/has_lib.sh
221 silly gunzTarPerm modified mode [ 'util/has_lib.sh', 493, 511 ]
222 silly gunzTarPerm extractEntry nan_converters_43_inl.h
223 silly gunzTarPerm modified mode [ 'nan_converters_43_inl.h', 436, 438 ]
224 silly gunzTarPerm extractEntry nan_converters_pre_43_inl.h
225 silly gunzTarPerm modified mode [ 'nan_converters_pre_43_inl.h', 436, 438 ]
226 silly gunzTarPerm extractEntry nan_converters.h
227 silly gunzTarPerm modified mode [ 'nan_converters.h', 436, 438 ]
228 silly gunzTarPerm extractEntry nan_define_own_property_helper.h
229 silly gunzTarPerm modified mode [ 'nan_define_own_property_helper.h', 436, 438 ]
230 silly gunzTarPerm extractEntry nan_implementation_12_inl.h
231 silly gunzTarPerm modified mode [ 'nan_implementation_12_inl.h', 436, 438 ]
232 silly gunzTarPerm extractEntry nan_implementation_pre_12_inl.h
233 silly gunzTarPerm modified mode [ 'nan_implementation_pre_12_inl.h', 436, 438 ]
234 silly gunzTarPerm extractEntry nan_json.h
235 silly gunzTarPerm modified mode [ 'nan_json.h', 436, 438 ]
236 silly gunzTarPerm extractEntry nan_maybe_43_inl.h
237 silly gunzTarPerm modified mode [ 'nan_maybe_43_inl.h', 436, 438 ]
238 silly gunzTarPerm extractEntry nan_maybe_pre_43_inl.h
239 silly gunzTarPerm modified mode [ 'nan_maybe_pre_43_inl.h', 436, 438 ]
240 silly gunzTarPerm extractEntry nan_new.h
241 silly gunzTarPerm modified mode [ 'nan_new.h', 436, 438 ]
242 silly gunzTarPerm extractEntry nan_object_wrap.h
243 silly gunzTarPerm modified mode [ 'nan_object_wrap.h', 436, 438 ]
244 silly gunzTarPerm extractEntry nan_persistent_12_inl.h
245 silly gunzTarPerm modified mode [ 'nan_persistent_12_inl.h', 436, 438 ]
246 silly gunzTarPerm extractEntry nan_persistent_pre_12_inl.h
247 silly gunzTarPerm modified mode [ 'nan_persistent_pre_12_inl.h', 436, 438 ]
248 silly gunzTarPerm extractEntry nan_private.h
249 silly gunzTarPerm modified mode [ 'nan_private.h', 436, 438 ]
250 silly gunzTarPerm extractEntry nan_string_bytes.h
251 silly gunzTarPerm modified mode [ 'nan_string_bytes.h', 436, 438 ]
252 silly gunzTarPerm extractEntry nan_typedarray_contents.h
253 silly gunzTarPerm modified mode [ 'nan_typedarray_contents.h', 436, 438 ]
254 silly gunzTarPerm extractEntry nan_weak.h
255 silly gunzTarPerm modified mode [ 'nan_weak.h', 436, 438 ]
256 silly gunzTarPerm extractEntry nan.h
257 silly gunzTarPerm modified mode [ 'nan.h', 436, 438 ]
258 silly gunzTarPerm extractEntry README.md
259 silly gunzTarPerm modified mode [ 'README.md', 436, 438 ]
260 silly gunzTarPerm extractEntry doc/asyncworker.md
261 silly gunzTarPerm modified mode [ 'doc/asyncworker.md', 436, 438 ]
262 silly gunzTarPerm extractEntry doc/buffers.md
263 silly gunzTarPerm modified mode [ 'doc/buffers.md', 436, 438 ]
264 silly gunzTarPerm extractEntry doc/callback.md
265 silly gunzTarPerm modified mode [ 'doc/callback.md', 436, 438 ]
266 silly gunzTarPerm extractEntry doc/converters.md
267 silly gunzTarPerm modified mode [ 'doc/converters.md', 436, 438 ]
268 silly gunzTarPerm extractEntry doc/errors.md
269 silly gunzTarPerm modified mode [ 'doc/errors.md', 436, 438 ]
270 silly gunzTarPerm extractEntry doc/json.md
271 silly gunzTarPerm modified mode [ 'doc/json.md', 436, 438 ]
272 silly gunzTarPerm extractEntry doc/maybe_types.md
273 silly gunzTarPerm modified mode [ 'doc/maybe_types.md', 436, 438 ]
274 silly gunzTarPerm extractEntry doc/methods.md
275 silly gunzTarPerm modified mode [ 'doc/methods.md', 436, 438 ]
276 silly gunzTarPerm extractEntry doc/new.md
277 silly gunzTarPerm modified mode [ 'doc/new.md', 436, 438 ]
278 silly gunzTarPerm extractEntry doc/node_misc.md
279 silly gunzTarPerm modified mode [ 'doc/node_misc.md', 436, 438 ]
280 silly gunzTarPerm extractEntry doc/object_wrappers.md
281 silly gunzTarPerm modified mode [ 'doc/object_wrappers.md', 436, 438 ]
282 silly gunzTarPerm extractEntry doc/persistent.md
283 silly gunzTarPerm modified mode [ 'doc/persistent.md', 436, 438 ]
284 silly gunzTarPerm extractEntry doc/scopes.md
285 silly gunzTarPerm modified mode [ 'doc/scopes.md', 436, 438 ]
286 silly gunzTarPerm extractEntry doc/script.md
287 silly gunzTarPerm modified mode [ 'doc/script.md', 436, 438 ]
288 silly gunzTarPerm extractEntry doc/string_bytes.md
289 silly gunzTarPerm modified mode [ 'doc/string_bytes.md', 436, 438 ]
290 silly gunzTarPerm extractEntry doc/v8_internals.md
291 silly gunzTarPerm modified mode [ 'doc/v8_internals.md', 436, 438 ]
292 silly gunzTarPerm extractEntry doc/v8_misc.md
293 silly gunzTarPerm modified mode [ 'doc/v8_misc.md', 436, 438 ]
294 silly gunzTarPerm extractEntry tools/1to2.js
295 silly gunzTarPerm modified mode [ 'tools/1to2.js', 509, 511 ]
296 silly gunzTarPerm extractEntry tools/package.json
297 silly gunzTarPerm modified mode [ 'tools/package.json', 436, 438 ]
298 silly gunzTarPerm extractEntry tools/README.md
299 silly gunzTarPerm modified mode [ 'tools/README.md', 436, 438 ]
300 silly gentlyRm C:\Users\colaitin\Desktop\UP-Trail-Networks\node_modules\.staging\nan-034d7922\node_modules is being purged
301 verbose gentlyRm don't care about contents; nuking C:\Users\colaitin\Desktop\UP-Trail-Networks\node_modules\.staging\nan-034d7922\node_modules
302 silly gentlyRm C:\Users\colaitin\Desktop\UP-Trail-Networks\node_modules\.staging\canvas-a88d983b\node_modules is being purged
303 verbose gentlyRm don't care about contents; nuking C:\Users\colaitin\Desktop\UP-Trail-Networks\node_modules\.staging\canvas-a88d983b\node_modules
304 silly doParallel preinstall 2
305 silly preinstall nan@2.10.0 C:\Users\colaitin\Desktop\UP-Trail-Networks\node_modules\.staging\nan-034d7922
306 info lifecycle nan@2.10.0~preinstall: nan@2.10.0
307 silly preinstall canvas@1.6.10 C:\Users\colaitin\Desktop\UP-Trail-Networks\node_modules\.staging\canvas-a88d983b
308 info lifecycle canvas@1.6.10~preinstall: canvas@1.6.10
309 silly lifecycle nan@2.10.0~preinstall: no script for preinstall, continuing
310 silly lifecycle canvas@1.6.10~preinstall: no script for preinstall, continuing
311 silly doReverseSerial remove 0
312 silly doSerial move 0
313 silly doSerial finalize 2
314 silly finalize C:\Users\colaitin\Desktop\UP-Trail-Networks\node_modules\nan
315 silly finalize C:\Users\colaitin\Desktop\UP-Trail-Networks\node_modules\canvas
316 silly doSerial build 2
317 silly build nan@2.10.0
318 info linkStuff nan@2.10.0
319 silly linkStuff nan@2.10.0 has C:\Users\colaitin\Desktop\UP-Trail-Networks\node_modules as its parent node_modules
320 verbose linkBins nan@2.10.0
321 verbose linkMans nan@2.10.0
322 silly build canvas@1.6.10
323 info linkStuff canvas@1.6.10
324 silly linkStuff canvas@1.6.10 has C:\Users\colaitin\Desktop\UP-Trail-Networks\node_modules as its parent node_modules
325 verbose linkBins canvas@1.6.10
326 verbose linkMans canvas@1.6.10
327 silly doSerial global-link 0
328 silly doParallel update-linked 0
329 silly doSerial install 2
330 silly install nan@2.10.0 C:\Users\colaitin\Desktop\UP-Trail-Networks\node_modules\.staging\nan-034d7922
331 info lifecycle nan@2.10.0~install: nan@2.10.0
332 silly lifecycle nan@2.10.0~install: no script for install, continuing
333 silly install canvas@1.6.10 C:\Users\colaitin\Desktop\UP-Trail-Networks\node_modules\.staging\canvas-a88d983b
334 info lifecycle canvas@1.6.10~install: canvas@1.6.10
335 verbose lifecycle canvas@1.6.10~install: unsafe-perm in lifecycle true
336 verbose lifecycle canvas@1.6.10~install: PATH: C:\Program Files\nodejs\node_modules\npm\bin\node-gyp-bin;C:\Users\colaitin\Desktop\UP-Trail-Networks\node_modules\canvas\node_modules\.bin;C:\Users\colaitin\Desktop\UP-Trail-Networks\node_modules\.bin;C:\Users\colaitin\bin;C:\Users\colaitin\AppData\Local\Programs\Git\mingw64\bin;C:\Users\colaitin\AppData\Local\Programs\Git\usr\local\bin;C:\Users\colaitin\AppData\Local\Programs\Git\usr\bin;C:\Users\colaitin\AppData\Local\Programs\Git\usr\bin;C:\Users\colaitin\AppData\Local\Programs\Git\mingw64\bin;C:\Users\colaitin\AppData\Local\Programs\Git\usr\bin;C:\Users\colaitin\bin;C:\Program Files (x86)\Intel\iCLS Client;C:\Program Files\Intel\iCLS Client;C:\WINDOWS\system32;C:\WINDOWS;C:\WINDOWS\System32\Wbem;C:\WINDOWS\System32\WindowsPowerShell\v1.0;C:\Program Files (x86)\Intel\Intel(R) Management Engine Components\DAL;C:\Program Files\Intel\Intel(R) Management Engine Components\DAL;C:\Program Files (x86)\Intel\Intel(R) Management Engine Components\IPT;C:\Program Files\Intel\Intel(R) Management Engine Components\IPT;C:\HashiCorp\Vagrant\bin;C:\Program Files\nodejs;C:\Program Files\Intel\WiFi\bin;C:\Program Files\Common Files\Intel\WirelessCommon;C:\Users\colaitin\AppData\Local\Programs\Python\Python36-32;C:\Program Files (x86)\Intel\iCLS Client;C:\Program Files\Intel\iCLS Client;C:\Windows\system32;C:\Windows;C:\Windows\System32\Wbem;C:\Windows\System32\WindowsPowerShell\v1.0;C:\Program Files (x86)\Intel\Intel(R) Management Engine Components\DAL;C:\Program Files\Intel\Intel(R) Management Engine Components\DAL;C:\Program Files (x86)\Intel\Intel(R) Management Engine Components\IPT;C:\Program Files\Intel\Intel(R) Management Engine Components\IPT;C:\ProgramData\colaitin\atom\bin;C:\Users\colaitin\AppData\Roaming\npm;C:\Program Files\MongoDB\Server\3.4\bin;C:\Users\colaitin\AppData\Local\Microsoft\WindowsApps;C:\Program Files\Intel\WiFi\bin;C:\Program Files\Common Files\Intel\WirelessCommon;C:\Users\colaitin\AppData\Local\Programs\Git\usr\bin\vendor_perl;C:\Users\colaitin\AppData\Local\Programs\Git\usr\bin\core_perl
337 verbose lifecycle canvas@1.6.10~install: CWD: C:\Users\colaitin\Desktop\UP-Trail-Networks\node_modules\canvas
338 silly lifecycle canvas@1.6.10~install: Args: [ '/d /s /c', 'node-gyp rebuild' ]
339 silly lifecycle canvas@1.6.10~install: Returned: code: 1  signal: null
340 info lifecycle canvas@1.6.10~install: Failed to exec install script
341 verbose unlock done using C:\Users\colaitin\AppData\Roaming\npm-cache\_locks\staging-5c48191a84d1f5d9.lock for C:\Users\colaitin\Desktop\UP-Trail-Networks\node_modules\.staging
342 silly rollbackFailedOptional Starting
343 silly rollbackFailedOptional Finishing
344 silly runTopLevelLifecycles Finishing
345 silly install printInstalled
346 verbose stack Error: canvas@1.6.10 install: `node-gyp rebuild`
346 verbose stack Exit status 1
346 verbose stack     at EventEmitter.<anonymous> (C:\Program Files\nodejs\node_modules\npm\lib\utils\lifecycle.js:255:16)
346 verbose stack     at emitTwo (events.js:106:13)
346 verbose stack     at EventEmitter.emit (events.js:191:7)
346 verbose stack     at ChildProcess.<anonymous> (C:\Program Files\nodejs\node_modules\npm\lib\utils\spawn.js:40:14)
346 verbose stack     at emitTwo (events.js:106:13)
346 verbose stack     at ChildProcess.emit (events.js:191:7)
346 verbose stack     at maybeClose (internal/child_process.js:920:16)
346 verbose stack     at Process.ChildProcess._handle.onexit (internal/child_process.js:230:5)
347 verbose pkgid canvas@1.6.10
348 verbose cwd C:\Users\colaitin\Desktop\UP-Trail-Networks
349 error Windows_NT 10.0.15063
350 error argv "C:\\Program Files\\nodejs\\node.exe" "C:\\Program Files\\nodejs\\node_modules\\npm\\bin\\npm-cli.js" "install" "canvas" "--save"
351 error node v6.11.4
352 error npm  v3.10.10
353 error code ELIFECYCLE
354 error canvas@1.6.10 install: `node-gyp rebuild`
354 error Exit status 1
355 error Failed at the canvas@1.6.10 install script 'node-gyp rebuild'.
355 error Make sure you have the latest version of node.js and npm installed.
355 error If you do, this is most likely a problem with the canvas package,
355 error not with npm itself.
355 error Tell the author that this fails on your system:
355 error     node-gyp rebuild
355 error You can get information on how to open an issue for this project with:
355 error     npm bugs canvas
355 error Or if that isn't available, you can get their info via:
355 error     npm owner ls canvas
355 error There is likely additional logging output above.
356 verbose exit [ 1, true ]
